Arguments: 
  C:\Program Files\nodejs\node.exe C:\Users\AIT\AppData\Roaming\npm\node_modules\yarn\bin\yarn.js run server

PATH: 
  C:\Users\AIT\bin;C:\Program Files\Git\mingw64\bin;C:\Program Files\Git\usr\local\bin;C:\Program Files\Git\usr\bin;C:\Program Files\Git\usr\bin;C:\Program Files\Git\mingw64\bin;C:\Program Files\Git\usr\bin;C:\Users\AIT\bin;C:\Program Files\Common Files\Oracle\Java\javapath;C:\Program Files (x86)\Common Files\Oracle\Java\javapath;C:\Windows\system32;C:\Windows;C:\Windows\System32\Wbem;C:\Windows\System32\WindowsPowerShell\v1.0;C:\Windows\System32\OpenSSH;C:\MinGW\bin;C:\Program Files\Git\cmd;C:\Program Files\Java\jdk-15.0.2;D:\xampp\php;C:\ProgramData\ComposerSetup\bin;C:\Program Files\nodejs;C:\Users\AIT\AppData\Local\Microsoft\WindowsApps;C:\Users\AIT\AppData\Local\GitHubDesktop\bin;C:\Users\AIT\AppData\Local\Programs\Microsoft VS Code\bin;C:\Users\AIT\AppData\Roaming\Composer\vendor\bin;C:\Users\AIT\AppData\Roaming\npm;C:\Program Files\Git\usr\bin\vendor_perl;C:\Program Files\Git\usr\bin\core_perl

Yarn version: 
  1.22.19

Node version: 
  16.17.0

Platform: 
  win32 x64

Trace: 
  SyntaxError: E:\Hemleen\react-img-crud\server\package.json: Unexpected token } in JSON at position 227
      at JSON.parse (<anonymous>)
      at C:\Users\AIT\AppData\Roaming\npm\node_modules\yarn\lib\cli.js:1629:59
      at Generator.next (<anonymous>)
      at step (C:\Users\AIT\AppData\Roaming\npm\node_modules\yarn\lib\cli.js:310:30)
      at C:\Users\AIT\AppData\Roaming\npm\node_modules\yarn\lib\cli.js:321:13

npm manifest: 
  {
    "name": "server",
    "version": "1.0.0",
    "description": "",
    "main": "server.js",
    "scripts": {
      "start": "node server.js",
      "dev": "nodemon server.js",
      "test": "echo \"Error: no test specified\" && exit 1",
    },
    "keywords": [],
    "author": "",
    "license": "ISC",
    "dependencies": {
      "body-parser": "^1.20.0",
      "colors": "^1.4.0",
      "cors": "^2.8.5",
      "dotenv": "^16.0.3",
      "express": "^4.18.1",
      "moment": "^2.29.4",
      "multer": "^1.4.5-lts.1",
      "nodemon": "^2.0.20"
    }
  }

yarn manifest: 
  No manifest

Lockfile: 
  No lockfile
